[debug] [2021-04-19T05:24:52.660Z] ----------------------------------------------------------------------
[debug] [2021-04-19T05:24:52.661Z] Command:       /usr/local/bin/node /usr/local/bin/firebase init
[debug] [2021-04-19T05:24:52.662Z] CLI Version:   9.10.0
[debug] [2021-04-19T05:24:52.662Z] Platform:      darwin
[debug] [2021-04-19T05:24:52.662Z] Node Version:  v14.16.0
[debug] [2021-04-19T05:24:52.662Z] Time:          Mon Apr 19 2021 08:24:52 GMT+0300 (Eastern European Summer Time)
[debug] [2021-04-19T05:24:52.663Z] ----------------------------------------------------------------------
[debug] 
[debug] [2021-04-19T05:24:52.666Z] > command requires scopes: ["email","openid","https://www.googleapis.com/auth/cloudplatformprojects.readonly","https://www.googleapis.com/auth/firebase","https://www.googleapis.com/auth/cloud-platform"]
[debug] [2021-04-19T05:24:52.667Z] > authorizing via signed-in user (nataliia.ivaniv@gmail.com)
[info] 
     ######## #### ########  ######## ########     ###     ######  ########
     ##        ##  ##     ## ##       ##     ##  ##   ##  ##       ##
     ######    ##  ########  ######   ########  #########  ######  ######
     ##        ##  ##    ##  ##       ##     ## ##     ##       ## ##
     ##       #### ##     ## ######## ########  ##     ##  ######  ########

You're about to initialize a Firebase project in this directory:

  /Users/nataliiaivaniv/WebstormProjects/Blog

[info] 
=== Project Setup
[info] 
[info] First, let's associate this project directory with a Firebase project.
[info] You can create multiple project aliases by running firebase use --add, 
[info] but for now we'll just set up a default project.
[info] 
[debug] [2021-04-19T05:25:37.935Z] >>> [apiv2][query] GET https://firebase.googleapis.com/v1beta1/projects pageSize=100
[debug] [2021-04-19T05:25:38.437Z] <<< [apiv2][status] GET https://firebase.googleapis.com/v1beta1/projects 200
[debug] [2021-04-19T05:25:38.437Z] <<< [apiv2][body] GET https://firebase.googleapis.com/v1beta1/projects [omitted]
[info] i  Using project angular-blog-25866 (angular-blog) 
[info] 
=== Hosting Setup
[info] 
[info] Your public directory is the folder (relative to your project directory) that
[info] will contain Hosting assets to be uploaded with firebase deploy. If you
[info] have a build process for your assets, use your build's output directory.
[info] 
[debug] [2021-04-19T05:26:50.940Z] >>> [apiv2][query] GET https://www.gstatic.com/firebasejs/releases.json [none]
[debug] [2021-04-19T05:26:51.074Z] <<< [apiv2][status] GET https://www.gstatic.com/firebasejs/releases.json 200
[debug] [2021-04-19T05:26:51.074Z] <<< [apiv2][body] GET https://www.gstatic.com/firebasejs/releases.json {"current":{"version":"8.4.1","browserURL":"https://www.gstatic.com/firebasejs/8.4.1/firebase.js","packageURL":"https://www.gstatic.com/firebasejs/8.4.1/firebase.tgz"},"live":{"version":"8.4","browserURL":"https://www.gstatic.com/firebasejs/live/8.4/firebase.js","packageURL":"https://www.gstatic.com/firebasejs/live/8.4/firebase.tgz"},"components":{"analytics":"https://www.gstatic.com/firebasejs/8.4.1/firebase-analytics.js","app":"https://www.gstatic.com/firebasejs/8.4.1/firebase-app.js","auth":"https://www.gstatic.com/firebasejs/8.4.1/firebase-auth.js","database":"https://www.gstatic.com/firebasejs/8.4.1/firebase-database.js","firestore":"https://www.gstatic.com/firebasejs/8.4.1/firebase-firestore.js","functions":"https://www.gstatic.com/firebasejs/8.4.1/firebase-functions.js","installations":"https://www.gstatic.com/firebasejs/8.4.1/firebase-installations.js","messaging":"https://www.gstatic.com/firebasejs/8.4.1/firebase-messaging.js","storage":"https://www.gstatic.com/firebasejs/8.4.1/firebase-storage.js","performance":"https://www.gstatic.com/firebasejs/8.4.1/firebase-performance.js","remote-config":"https://www.gstatic.com/firebasejs/8.4.1/firebase-remote-config.js","firestore.memory":"https://www.gstatic.com/firebasejs/8.4.1/firebase-firestore.memory.js"}}
[info] i  Skipping write of dist/blog/index.html 
[info] 
[info] i  Detected a .git folder at /Users/nataliiaivaniv/WebstormProjects/Blog 
[info] i  Authorizing with GitHub to upload your service account to a GitHub repository's secrets store. 
[info] 
[info] Visit this URL on this device to log in:
[info] https://github.com/login/oauth/authorize?client_id=89cf50f02ac6aaed3484&state=404839177&redirect_uri=http%3A%2F%2Flocalhost%3A9005&scope=read%3Auser%20repo%20public_repo
[info] 
[info] Waiting for authentication...
[debug] [2021-04-19T05:27:17.291Z] >>> HTTP REQUEST POST https://github.com/login/oauth/access_token  
 {"client_id":"89cf50f02ac6aaed3484","client_secret":"3330d14abc895d9a74d5f17cd7a00711fa2c5bf0","code":"94a3e17daf0b1df03db6","redirect_uri":"http://localhost:9005","state":"404839177"}
[debug] [2021-04-19T05:27:17.644Z] <<< HTTP RESPONSE 200 {"server":"GitHub.com","date":"Mon, 19 Apr 2021 05:27:17 GMT","content-type":"application/json; charset=utf-8","transfer-encoding":"chunked","vary":"X-PJAX, Accept-Encoding, Accept, X-Requested-With","etag":"W/\"7fa6f0940aa847a3344eb5618d2a50e0\"","cache-control":"max-age=0, private, must-revalidate","strict-transport-security":"max-age=31536000; includeSubdomains; preload","x-frame-options":"deny","x-content-type-options":"nosniff","x-xss-protection":"0","referrer-policy":"origin-when-cross-origin, strict-origin-when-cross-origin","expect-ct":"max-age=2592000, report-uri=\"https://api.github.com/_private/browser/errors\"","content-security-policy":"default-src 'none'; base-uri 'self'; block-all-mixed-content; connect-src 'self' uploads.github.com www.githubstatus.com collector.githubapp.com api.github.com github-cloud.s3.amazonaws.com github-production-repository-file-5c1aeb.s3.amazonaws.com github-production-upload-manifest-file-7fdce7.s3.amazonaws.com github-production-user-asset-6210df.s3.amazonaws.com cdn.optimizely.com logx.optimizely.com/v1/events wss://alive.github.com; font-src github.githubassets.com; form-action 'self' github.com gist.github.com; frame-ancestors 'none'; frame-src render.githubusercontent.com; img-src 'self' data: github.githubassets.com identicons.github.com collector.githubapp.com github-cloud.s3.amazonaws.com secured-user-images.githubusercontent.com/ *.githubusercontent.com; manifest-src 'self'; media-src 'none'; script-src github.githubassets.com; style-src 'unsafe-inline' github.githubassets.com; worker-src github.com/socket-worker-3f088aa2.js gist.github.com/socket-worker-3f088aa2.js","x-github-request-id":"29C0:ACCF:477A87A:49BADC7:607D14B5"}
[debug] [2021-04-19T05:27:17.647Z] >>> [apiv2][query] GET https://api.github.com/user [none]
[debug] [2021-04-19T05:27:18.067Z] <<< [apiv2][status] GET https://api.github.com/user 200
[debug] [2021-04-19T05:27:18.067Z] <<< [apiv2][body] GET https://api.github.com/user {"login":"devivasha","id":48572046,"node_id":"MDQ6VXNlcjQ4NTcyMDQ2","avatar_url":"https://avatars.githubusercontent.com/u/48572046?v=4","gravatar_id":"","url":"https://api.github.com/users/devivasha","html_url":"https://github.com/devivasha","followers_url":"https://api.github.com/users/devivasha/followers","following_url":"https://api.github.com/users/devivasha/following{/other_user}","gists_url":"https://api.github.com/users/devivasha/gists{/gist_id}","starred_url":"https://api.github.com/users/devivasha/starred{/owner}{/repo}","subscriptions_url":"https://api.github.com/users/devivasha/subscriptions","organizations_url":"https://api.github.com/users/devivasha/orgs","repos_url":"https://api.github.com/users/devivasha/repos","events_url":"https://api.github.com/users/devivasha/events{/privacy}","received_events_url":"https://api.github.com/users/devivasha/received_events","type":"User","site_admin":false,"name":"Nataliia Ivaniv","company":null,"blog":"","location":"Ukraine","email":"nat_ivaniv@ukr.net","hireable":true,"bio":"Junior Front-End developer","twitter_username":null,"public_repos":22,"public_gists":0,"followers":0,"following":4,"created_at":"2019-03-14T22:41:58Z","updated_at":"2021-04-19T05:27:01Z","private_gists":2,"total_private_repos":4,"owned_private_repos":4,"disk_usage":59842,"collaborators":0,"two_factor_authentication":false,"plan":{"name":"free","space":976562499,"collaborators":0,"private_repos":10000}}
[info] 
[info] ✔  Success! Logged into GitHub as devivasha 
[info] 
